<?xml version="1.0" encoding="UTF-8"?>
<!-- Generated by org.testng.reporters.JUnitReportReporter -->
<testsuite hostname="DESKTOP-4LIHDFC" failures="0" tests="1" name="stepDefinition.Verificiation_CICD" time="5.024" errors="0" timestamp="23 Oct 2023 21:04:46 GMT">
  <testcase classname="stepDefinition.Verificiation_CICD" name="utilisateur_est_sur_la_page_d_acceuil" time="5.024"/>
</testsuite> <!-- stepDefinition.Verificiation_CICD -->
